2025-09-08 21:18:48 +03:00:  ⚠ The "images.domains" configuration is deprecated. Please use "images.remotePatterns" configuration instead.
2025-09-10 07:45:41 +03:00:  ⚠ fetch for https://app.gdacademy.et/api/v2/blogs/terms-of-service on /blog/terms-of-service specified "cache: no-store" and "revalidate: 60", only one should be specified.
2025-09-10 07:45:41 +03:00:  ⚠ fetch for https://app.gdacademy.et/api/v2/blogs/terms-of-service on /blog/terms-of-service specified "cache: no-store" and "revalidate: 60", only one should be specified.
2025-09-10 07:45:42 +03:00: ❌ API Error Response: {
  status: 401,
  statusText: 'Unauthorized',
  url: 'https://app.gdacademy.et/api/v2/blogs/terms-of-service',
  error: '{"status":"Authorization Token not found"}'
}
2025-09-10 07:45:42 +03:00: 🚨 API Request Failed: Error: API request failed with status 401: {"status":"Authorization Token not found"}
    at p (/var/www/gda-website/.next/server/app/blog/[slug]/page.js:1:2704)
    at processTicksAndRejections (node:internal/process/task_queues:95:5)
    at d (/var/www/gda-website/.next/server/app/blog/[slug]/page.js:1:4819)
    at nV (/var/www/gda-website/.next/server/app/blog/[slug]/page.js:1:139628)
2025-09-10 07:45:42 +03:00: Direct fetch failed for terms-of-service, falling back to list search... Error: API request failed with status 401: {"status":"Authorization Token not found"}
    at p (/var/www/gda-website/.next/server/app/blog/[slug]/page.js:1:2704)
    at processTicksAndRejections (node:internal/process/task_queues:95:5)
    at d (/var/www/gda-website/.next/server/app/blog/[slug]/page.js:1:4819)
    at nV (/var/www/gda-website/.next/server/app/blog/[slug]/page.js:1:139628)
2025-09-10 07:45:42 +03:00:  ⚠ fetch for https://app.gdacademy.et/api/v2/blogs/all on /blog/terms-of-service specified "cache: no-store" and "revalidate: 60", only one should be specified.
2025-09-10 07:45:42 +03:00: ❌ API Error Response: {
  status: 401,
  statusText: 'Unauthorized',
  url: 'https://app.gdacademy.et/api/v2/blogs/terms-of-service',
  error: '{"status":"Authorization Token not found"}'
}
2025-09-10 07:45:42 +03:00: 🚨 API Request Failed: Error: API request failed with status 401: {"status":"Authorization Token not found"}
    at p (/var/www/gda-website/.next/server/app/blog/[slug]/page.js:1:2704)
    at d (/var/www/gda-website/.next/server/app/blog/[slug]/page.js:1:4819)
    at Module.nU (/var/www/gda-website/.next/server/app/blog/[slug]/page.js:1:139241)
2025-09-10 07:45:42 +03:00: Direct fetch failed for terms-of-service, falling back to list search... Error: API request failed with status 401: {"status":"Authorization Token not found"}
    at p (/var/www/gda-website/.next/server/app/blog/[slug]/page.js:1:2704)
    at d (/var/www/gda-website/.next/server/app/blog/[slug]/page.js:1:4819)
    at Module.nU (/var/www/gda-website/.next/server/app/blog/[slug]/page.js:1:139241)
2025-09-10 07:45:42 +03:00:  ⚠ fetch for https://app.gdacademy.et/api/v2/blogs/all on /blog/terms-of-service specified "cache: no-store" and "revalidate: 60", only one should be specified.
2025-09-10 07:45:42 +03:00:  ⚠ fetch for https://app.gdacademy.et/api/v2/blogs/all on /blog/terms-of-service specified "cache: no-store" and "revalidate: 60", only one should be specified.
2025-09-10 08:24:52 +03:00:  ⚠ fetch for https://app.gdacademy.et/api/v2/blogs/privacy-policy on /blog/privacy-policy specified "cache: no-store" and "revalidate: 60", only one should be specified.
2025-09-10 08:24:52 +03:00:  ⚠ fetch for https://app.gdacademy.et/api/v2/blogs/privacy-policy on /blog/privacy-policy specified "cache: no-store" and "revalidate: 60", only one should be specified.
2025-09-10 08:24:52 +03:00: ❌ API Error Response: {
  status: 401,
  statusText: 'Unauthorized',
  url: 'https://app.gdacademy.et/api/v2/blogs/privacy-policy',
  error: '{"status":"Authorization Token not found"}'
}
2025-09-10 08:24:52 +03:00: 🚨 API Request Failed: Error: API request failed with status 401: {"status":"Authorization Token not found"}
    at p (/var/www/gda-website/.next/server/app/blog/[slug]/page.js:1:2704)
    at processTicksAndRejections (node:internal/process/task_queues:95:5)
    at d (/var/www/gda-website/.next/server/app/blog/[slug]/page.js:1:4819)
    at nV (/var/www/gda-website/.next/server/app/blog/[slug]/page.js:1:139628)
2025-09-10 08:24:52 +03:00: Direct fetch failed for privacy-policy, falling back to list search... Error: API request failed with status 401: {"status":"Authorization Token not found"}
    at p (/var/www/gda-website/.next/server/app/blog/[slug]/page.js:1:2704)
    at processTicksAndRejections (node:internal/process/task_queues:95:5)
    at d (/var/www/gda-website/.next/server/app/blog/[slug]/page.js:1:4819)
    at nV (/var/www/gda-website/.next/server/app/blog/[slug]/page.js:1:139628)
2025-09-10 08:24:52 +03:00:  ⚠ fetch for https://app.gdacademy.et/api/v2/blogs/all on /blog/privacy-policy specified "cache: no-store" and "revalidate: 60", only one should be specified.
2025-09-10 08:24:52 +03:00:  ⚠ fetch for https://app.gdacademy.et/api/v2/blogs/all on /blog/privacy-policy specified "cache: no-store" and "revalidate: 60", only one should be specified.
2025-09-10 08:24:52 +03:00: ❌ API Error Response: {
  status: 401,
  statusText: 'Unauthorized',
  url: 'https://app.gdacademy.et/api/v2/blogs/privacy-policy',
  error: '{"status":"Authorization Token not found"}'
}
2025-09-10 08:24:52 +03:00: 🚨 API Request Failed: Error: API request failed with status 401: {"status":"Authorization Token not found"}
    at p (/var/www/gda-website/.next/server/app/blog/[slug]/page.js:1:2704)
    at d (/var/www/gda-website/.next/server/app/blog/[slug]/page.js:1:4819)
    at Module.nU (/var/www/gda-website/.next/server/app/blog/[slug]/page.js:1:139241)
2025-09-10 08:24:52 +03:00: Direct fetch failed for privacy-policy, falling back to list search... Error: API request failed with status 401: {"status":"Authorization Token not found"}
    at p (/var/www/gda-website/.next/server/app/blog/[slug]/page.js:1:2704)
    at d (/var/www/gda-website/.next/server/app/blog/[slug]/page.js:1:4819)
    at Module.nU (/var/www/gda-website/.next/server/app/blog/[slug]/page.js:1:139241)
2025-09-10 08:24:52 +03:00:  ⚠ fetch for https://app.gdacademy.et/api/v2/blogs/all on /blog/privacy-policy specified "cache: no-store" and "revalidate: 60", only one should be specified.
2025-09-10 09:09:15 +03:00:  ⚠ The "images.domains" configuration is deprecated. Please use "images.remotePatterns" configuration instead.
2025-09-10 10:15:46 +03:00:  ⚠ The "images.domains" configuration is deprecated. Please use "images.remotePatterns" configuration instead.
2025-09-10 10:22:15 +03:00:  ⚠ The "images.domains" configuration is deprecated. Please use "images.remotePatterns" configuration instead.
2025-09-10 11:38:34 +03:00:  ⚠ The "images.domains" configuration is deprecated. Please use "images.remotePatterns" configuration instead.
2025-09-10 11:39:05 +03:00:  ⚠ For production Image Optimization with Next.js, the optional 'sharp' package is strongly recommended. Run 'npm i sharp', and Next.js will use it automatically for Image Optimization.
Read more: https://nextjs.org/docs/messages/sharp-missing-in-production
2025-09-10 13:27:27 +03:00:  ⚠ The "images.domains" configuration is deprecated. Please use "images.remotePatterns" configuration instead.
2025-09-10 16:21:13 +03:00:  ⚠ fetch for https://app.gdacademy.et/api/v2/blogs/about-us on /blog/about-us specified "cache: no-store" and "revalidate: 60", only one should be specified.
2025-09-10 16:21:13 +03:00:  ⚠ fetch for https://app.gdacademy.et/api/v2/blogs/about-us on /blog/about-us specified "cache: no-store" and "revalidate: 60", only one should be specified.
2025-09-10 16:21:14 +03:00: ❌ API Error Response: {
  status: 401,
  statusText: 'Unauthorized',
  url: 'https://app.gdacademy.et/api/v2/blogs/about-us',
  error: '{"status":"Authorization Token not found"}'
}
2025-09-10 16:21:14 +03:00: 🚨 API Request Failed: Error: API request failed with status 401: {"status":"Authorization Token not found"}
    at p (/var/www/gda-website/.next/server/app/blog/[slug]/page.js:1:2704)
    at processTicksAndRejections (node:internal/process/task_queues:95:5)
    at d (/var/www/gda-website/.next/server/app/blog/[slug]/page.js:1:4819)
    at nV (/var/www/gda-website/.next/server/app/blog/[slug]/page.js:1:139628)
2025-09-10 16:21:14 +03:00: Direct fetch failed for about-us, falling back to list search... Error: API request failed with status 401: {"status":"Authorization Token not found"}
    at p (/var/www/gda-website/.next/server/app/blog/[slug]/page.js:1:2704)
    at processTicksAndRejections (node:internal/process/task_queues:95:5)
    at d (/var/www/gda-website/.next/server/app/blog/[slug]/page.js:1:4819)
    at nV (/var/www/gda-website/.next/server/app/blog/[slug]/page.js:1:139628)
2025-09-10 16:21:14 +03:00:  ⚠ fetch for https://app.gdacademy.et/api/v2/blogs/all on /blog/about-us specified "cache: no-store" and "revalidate: 60", only one should be specified.
2025-09-10 16:21:14 +03:00: ❌ API Error Response: {
  status: 401,
  statusText: 'Unauthorized',
  url: 'https://app.gdacademy.et/api/v2/blogs/about-us',
  error: '{"status":"Authorization Token not found"}'
}
2025-09-10 16:21:14 +03:00: 🚨 API Request Failed: Error: API request failed with status 401: {"status":"Authorization Token not found"}
    at p (/var/www/gda-website/.next/server/app/blog/[slug]/page.js:1:2704)
    at d (/var/www/gda-website/.next/server/app/blog/[slug]/page.js:1:4819)
    at Module.nU (/var/www/gda-website/.next/server/app/blog/[slug]/page.js:1:139241)
2025-09-10 16:21:14 +03:00: Direct fetch failed for about-us, falling back to list search... Error: API request failed with status 401: {"status":"Authorization Token not found"}
    at p (/var/www/gda-website/.next/server/app/blog/[slug]/page.js:1:2704)
    at d (/var/www/gda-website/.next/server/app/blog/[slug]/page.js:1:4819)
    at Module.nU (/var/www/gda-website/.next/server/app/blog/[slug]/page.js:1:139241)
2025-09-10 16:21:14 +03:00:  ⚠ fetch for https://app.gdacademy.et/api/v2/blogs/all on /blog/about-us specified "cache: no-store" and "revalidate: 60", only one should be specified.
2025-09-10 16:21:14 +03:00:  ⚠ fetch for https://app.gdacademy.et/api/v2/blogs/all on /blog/about-us specified "cache: no-store" and "revalidate: 60", only one should be specified.
2025-09-10 17:28:50 +03:00:  ⚠ fetch for https://app.gdacademy.et/api/v2/blogs/privacy-policy on /blog/privacy-policy?_rsc=uxlou specified "cache: no-store" and "revalidate: 60", only one should be specified.
2025-09-10 17:28:50 +03:00:  ⚠ fetch for https://app.gdacademy.et/api/v2/blogs/privacy-policy on /blog/privacy-policy?_rsc=uxlou specified "cache: no-store" and "revalidate: 60", only one should be specified.
2025-09-10 17:28:50 +03:00: ❌ API Error Response: {
  status: 401,
  statusText: 'Unauthorized',
  url: 'https://app.gdacademy.et/api/v2/blogs/privacy-policy',
  error: '{"status":"Authorization Token not found"}'
}
2025-09-10 17:28:50 +03:00: 🚨 API Request Failed: Error: API request failed with status 401: {"status":"Authorization Token not found"}
    at p (/var/www/gda-website/.next/server/app/blog/[slug]/page.js:1:2704)
    at processTicksAndRejections (node:internal/process/task_queues:95:5)
    at d (/var/www/gda-website/.next/server/app/blog/[slug]/page.js:1:4819)
    at nV (/var/www/gda-website/.next/server/app/blog/[slug]/page.js:1:139628)
2025-09-10 17:28:50 +03:00: Direct fetch failed for privacy-policy, falling back to list search... Error: API request failed with status 401: {"status":"Authorization Token not found"}
    at p (/var/www/gda-website/.next/server/app/blog/[slug]/page.js:1:2704)
    at processTicksAndRejections (node:internal/process/task_queues:95:5)
    at d (/var/www/gda-website/.next/server/app/blog/[slug]/page.js:1:4819)
    at nV (/var/www/gda-website/.next/server/app/blog/[slug]/page.js:1:139628)
2025-09-10 17:28:50 +03:00:  ⚠ fetch for https://app.gdacademy.et/api/v2/blogs/all on /blog/privacy-policy?_rsc=uxlou specified "cache: no-store" and "revalidate: 60", only one should be specified.
2025-09-10 17:28:50 +03:00:  ⚠ fetch for https://app.gdacademy.et/api/v2/blogs/all on /blog/privacy-policy?_rsc=uxlou specified "cache: no-store" and "revalidate: 60", only one should be specified.
2025-09-10 17:28:50 +03:00: ❌ API Error Response: {
  status: 401,
  statusText: 'Unauthorized',
  url: 'https://app.gdacademy.et/api/v2/blogs/privacy-policy',
  error: '{"status":"Authorization Token not found"}'
}
2025-09-10 17:28:50 +03:00: 🚨 API Request Failed: Error: API request failed with status 401: {"status":"Authorization Token not found"}
    at p (/var/www/gda-website/.next/server/app/blog/[slug]/page.js:1:2704)
    at d (/var/www/gda-website/.next/server/app/blog/[slug]/page.js:1:4819)
    at Module.nU (/var/www/gda-website/.next/server/app/blog/[slug]/page.js:1:139241)
2025-09-10 17:28:50 +03:00: Direct fetch failed for privacy-policy, falling back to list search... Error: API request failed with status 401: {"status":"Authorization Token not found"}
    at p (/var/www/gda-website/.next/server/app/blog/[slug]/page.js:1:2704)
    at d (/var/www/gda-website/.next/server/app/blog/[slug]/page.js:1:4819)
    at Module.nU (/var/www/gda-website/.next/server/app/blog/[slug]/page.js:1:139241)
2025-09-10 17:28:50 +03:00:  ⚠ fetch for https://app.gdacademy.et/api/v2/blogs/all on /blog/privacy-policy?_rsc=uxlou specified "cache: no-store" and "revalidate: 60", only one should be specified.
2025-09-10 17:34:09 +03:00:  ⚠ fetch for https://app.gdacademy.et/api/v2/blogs/privacy-policy on /blog/privacy-policy specified "cache: no-store" and "revalidate: 60", only one should be specified.
2025-09-10 17:34:09 +03:00:  ⚠ fetch for https://app.gdacademy.et/api/v2/blogs/privacy-policy on /blog/privacy-policy specified "cache: no-store" and "revalidate: 60", only one should be specified.
2025-09-10 17:34:10 +03:00: ❌ API Error Response: {
  status: 401,
  statusText: 'Unauthorized',
  url: 'https://app.gdacademy.et/api/v2/blogs/privacy-policy',
  error: '{"status":"Authorization Token not found"}'
}
2025-09-10 17:34:10 +03:00: 🚨 API Request Failed: Error: API request failed with status 401: {"status":"Authorization Token not found"}
    at p (/var/www/gda-website/.next/server/app/blog/[slug]/page.js:1:2704)
    at processTicksAndRejections (node:internal/process/task_queues:95:5)
    at d (/var/www/gda-website/.next/server/app/blog/[slug]/page.js:1:4819)
    at nV (/var/www/gda-website/.next/server/app/blog/[slug]/page.js:1:139628)
2025-09-10 17:34:10 +03:00: Direct fetch failed for privacy-policy, falling back to list search... Error: API request failed with status 401: {"status":"Authorization Token not found"}
    at p (/var/www/gda-website/.next/server/app/blog/[slug]/page.js:1:2704)
    at processTicksAndRejections (node:internal/process/task_queues:95:5)
    at d (/var/www/gda-website/.next/server/app/blog/[slug]/page.js:1:4819)
    at nV (/var/www/gda-website/.next/server/app/blog/[slug]/page.js:1:139628)
2025-09-10 17:34:10 +03:00:  ⚠ fetch for https://app.gdacademy.et/api/v2/blogs/all on /blog/privacy-policy specified "cache: no-store" and "revalidate: 60", only one should be specified.
2025-09-10 17:34:10 +03:00:  ⚠ fetch for https://app.gdacademy.et/api/v2/blogs/all on /blog/privacy-policy specified "cache: no-store" and "revalidate: 60", only one should be specified.
2025-09-10 17:34:10 +03:00: ❌ API Error Response: {
  status: 401,
  statusText: 'Unauthorized',
  url: 'https://app.gdacademy.et/api/v2/blogs/privacy-policy',
  error: '{"status":"Authorization Token not found"}'
}
2025-09-10 17:34:10 +03:00: 🚨 API Request Failed: Error: API request failed with status 401: {"status":"Authorization Token not found"}
    at p (/var/www/gda-website/.next/server/app/blog/[slug]/page.js:1:2704)
    at d (/var/www/gda-website/.next/server/app/blog/[slug]/page.js:1:4819)
    at Module.nU (/var/www/gda-website/.next/server/app/blog/[slug]/page.js:1:139241)
2025-09-10 17:34:10 +03:00: Direct fetch failed for privacy-policy, falling back to list search... Error: API request failed with status 401: {"status":"Authorization Token not found"}
    at p (/var/www/gda-website/.next/server/app/blog/[slug]/page.js:1:2704)
    at d (/var/www/gda-website/.next/server/app/blog/[slug]/page.js:1:4819)
    at Module.nU (/var/www/gda-website/.next/server/app/blog/[slug]/page.js:1:139241)
2025-09-10 17:34:10 +03:00:  ⚠ fetch for https://app.gdacademy.et/api/v2/blogs/all on /blog/privacy-policy specified "cache: no-store" and "revalidate: 60", only one should be specified.
2025-09-10 17:36:00 +03:00:  ⚠ fetch for https://app.gdacademy.et/api/v2/blogs/privacy-policy on /blog/privacy-policy specified "cache: no-store" and "revalidate: 60", only one should be specified.
2025-09-10 17:36:00 +03:00:  ⚠ fetch for https://app.gdacademy.et/api/v2/blogs/privacy-policy on /blog/privacy-policy specified "cache: no-store" and "revalidate: 60", only one should be specified.
2025-09-10 17:36:00 +03:00: ❌ API Error Response: {
  status: 401,
  statusText: 'Unauthorized',
  url: 'https://app.gdacademy.et/api/v2/blogs/privacy-policy',
  error: '{"status":"Authorization Token not found"}'
}
2025-09-10 17:36:00 +03:00: 🚨 API Request Failed: Error: API request failed with status 401: {"status":"Authorization Token not found"}
    at p (/var/www/gda-website/.next/server/app/blog/[slug]/page.js:1:2704)
    at processTicksAndRejections (node:internal/process/task_queues:95:5)
    at d (/var/www/gda-website/.next/server/app/blog/[slug]/page.js:1:4819)
    at nV (/var/www/gda-website/.next/server/app/blog/[slug]/page.js:1:139628)
2025-09-10 17:36:00 +03:00: Direct fetch failed for privacy-policy, falling back to list search... Error: API request failed with status 401: {"status":"Authorization Token not found"}
    at p (/var/www/gda-website/.next/server/app/blog/[slug]/page.js:1:2704)
    at processTicksAndRejections (node:internal/process/task_queues:95:5)
    at d (/var/www/gda-website/.next/server/app/blog/[slug]/page.js:1:4819)
    at nV (/var/www/gda-website/.next/server/app/blog/[slug]/page.js:1:139628)
2025-09-10 17:36:00 +03:00:  ⚠ fetch for https://app.gdacademy.et/api/v2/blogs/all on /blog/privacy-policy specified "cache: no-store" and "revalidate: 60", only one should be specified.
2025-09-10 17:36:00 +03:00:  ⚠ fetch for https://app.gdacademy.et/api/v2/blogs/all on /blog/privacy-policy specified "cache: no-store" and "revalidate: 60", only one should be specified.
2025-09-10 17:36:00 +03:00: ❌ API Error Response: {
  status: 401,
  statusText: 'Unauthorized',
  url: 'https://app.gdacademy.et/api/v2/blogs/privacy-policy',
  error: '{"status":"Authorization Token not found"}'
}
2025-09-10 17:36:00 +03:00: 🚨 API Request Failed: Error: API request failed with status 401: {"status":"Authorization Token not found"}
    at p (/var/www/gda-website/.next/server/app/blog/[slug]/page.js:1:2704)
    at d (/var/www/gda-website/.next/server/app/blog/[slug]/page.js:1:4819)
    at Module.nU (/var/www/gda-website/.next/server/app/blog/[slug]/page.js:1:139241)
2025-09-10 17:36:00 +03:00: Direct fetch failed for privacy-policy, falling back to list search... Error: API request failed with status 401: {"status":"Authorization Token not found"}
    at p (/var/www/gda-website/.next/server/app/blog/[slug]/page.js:1:2704)
    at d (/var/www/gda-website/.next/server/app/blog/[slug]/page.js:1:4819)
    at Module.nU (/var/www/gda-website/.next/server/app/blog/[slug]/page.js:1:139241)
2025-09-10 17:36:00 +03:00:  ⚠ fetch for https://app.gdacademy.et/api/v2/blogs/all on /blog/privacy-policy specified "cache: no-store" and "revalidate: 60", only one should be specified.
2025-09-10 17:36:02 +03:00:  ⚠ fetch for https://app.gdacademy.et/api/v2/blogs/privacy-policy on /blog/privacy-policy specified "cache: no-store" and "revalidate: 60", only one should be specified.
2025-09-10 17:36:02 +03:00:  ⚠ fetch for https://app.gdacademy.et/api/v2/blogs/privacy-policy on /blog/privacy-policy specified "cache: no-store" and "revalidate: 60", only one should be specified.
2025-09-10 17:36:02 +03:00: ❌ API Error Response: {
  status: 401,
  statusText: 'Unauthorized',
  url: 'https://app.gdacademy.et/api/v2/blogs/privacy-policy',
  error: '{"status":"Authorization Token not found"}'
}
2025-09-10 17:36:02 +03:00: 🚨 API Request Failed: Error: API request failed with status 401: {"status":"Authorization Token not found"}
    at p (/var/www/gda-website/.next/server/app/blog/[slug]/page.js:1:2704)
    at processTicksAndRejections (node:internal/process/task_queues:95:5)
    at d (/var/www/gda-website/.next/server/app/blog/[slug]/page.js:1:4819)
    at nV (/var/www/gda-website/.next/server/app/blog/[slug]/page.js:1:139628)
2025-09-10 17:36:02 +03:00: Direct fetch failed for privacy-policy, falling back to list search... Error: API request failed with status 401: {"status":"Authorization Token not found"}
    at p (/var/www/gda-website/.next/server/app/blog/[slug]/page.js:1:2704)
    at processTicksAndRejections (node:internal/process/task_queues:95:5)
    at d (/var/www/gda-website/.next/server/app/blog/[slug]/page.js:1:4819)
    at nV (/var/www/gda-website/.next/server/app/blog/[slug]/page.js:1:139628)
2025-09-10 17:36:02 +03:00:  ⚠ fetch for https://app.gdacademy.et/api/v2/blogs/all on /blog/privacy-policy specified "cache: no-store" and "revalidate: 60", only one should be specified.
2025-09-10 17:36:02 +03:00:  ⚠ fetch for https://app.gdacademy.et/api/v2/blogs/all on /blog/privacy-policy specified "cache: no-store" and "revalidate: 60", only one should be specified.
2025-09-10 17:36:02 +03:00: ❌ API Error Response: {
  status: 401,
  statusText: 'Unauthorized',
  url: 'https://app.gdacademy.et/api/v2/blogs/privacy-policy',
  error: '{"status":"Authorization Token not found"}'
}
2025-09-10 17:36:02 +03:00: 🚨 API Request Failed: Error: API request failed with status 401: {"status":"Authorization Token not found"}
    at p (/var/www/gda-website/.next/server/app/blog/[slug]/page.js:1:2704)
    at d (/var/www/gda-website/.next/server/app/blog/[slug]/page.js:1:4819)
    at Module.nU (/var/www/gda-website/.next/server/app/blog/[slug]/page.js:1:139241)
2025-09-10 17:36:02 +03:00: Direct fetch failed for privacy-policy, falling back to list search... Error: API request failed with status 401: {"status":"Authorization Token not found"}
    at p (/var/www/gda-website/.next/server/app/blog/[slug]/page.js:1:2704)
    at d (/var/www/gda-website/.next/server/app/blog/[slug]/page.js:1:4819)
    at Module.nU (/var/www/gda-website/.next/server/app/blog/[slug]/page.js:1:139241)
2025-09-10 17:36:02 +03:00:  ⚠ fetch for https://app.gdacademy.et/api/v2/blogs/all on /blog/privacy-policy specified "cache: no-store" and "revalidate: 60", only one should be specified.
2025-09-10 17:36:36 +03:00:  ⚠ fetch for https://app.gdacademy.et/api/v2/blogs/privacy-policy on /blog/privacy-policy specified "cache: no-store" and "revalidate: 60", only one should be specified.
2025-09-10 17:36:36 +03:00:  ⚠ fetch for https://app.gdacademy.et/api/v2/blogs/privacy-policy on /blog/privacy-policy specified "cache: no-store" and "revalidate: 60", only one should be specified.
2025-09-10 17:36:36 +03:00: ❌ API Error Response: {
  status: 401,
  statusText: 'Unauthorized',
  url: 'https://app.gdacademy.et/api/v2/blogs/privacy-policy',
  error: '{"status":"Authorization Token not found"}'
}
2025-09-10 17:36:36 +03:00: 🚨 API Request Failed: Error: API request failed with status 401: {"status":"Authorization Token not found"}
    at p (/var/www/gda-website/.next/server/app/blog/[slug]/page.js:1:2704)
    at processTicksAndRejections (node:internal/process/task_queues:95:5)
    at d (/var/www/gda-website/.next/server/app/blog/[slug]/page.js:1:4819)
    at nV (/var/www/gda-website/.next/server/app/blog/[slug]/page.js:1:139628)
2025-09-10 17:36:36 +03:00: Direct fetch failed for privacy-policy, falling back to list search... Error: API request failed with status 401: {"status":"Authorization Token not found"}
    at p (/var/www/gda-website/.next/server/app/blog/[slug]/page.js:1:2704)
    at processTicksAndRejections (node:internal/process/task_queues:95:5)
    at d (/var/www/gda-website/.next/server/app/blog/[slug]/page.js:1:4819)
    at nV (/var/www/gda-website/.next/server/app/blog/[slug]/page.js:1:139628)
2025-09-10 17:36:36 +03:00:  ⚠ fetch for https://app.gdacademy.et/api/v2/blogs/all on /blog/privacy-policy specified "cache: no-store" and "revalidate: 60", only one should be specified.
2025-09-10 17:36:36 +03:00:  ⚠ fetch for https://app.gdacademy.et/api/v2/blogs/all on /blog/privacy-policy specified "cache: no-store" and "revalidate: 60", only one should be specified.
2025-09-10 17:36:36 +03:00: ❌ API Error Response: {
  status: 401,
  statusText: 'Unauthorized',
  url: 'https://app.gdacademy.et/api/v2/blogs/privacy-policy',
  error: '{"status":"Authorization Token not found"}'
}
2025-09-10 17:36:36 +03:00: 🚨 API Request Failed: Error: API request failed with status 401: {"status":"Authorization Token not found"}
    at p (/var/www/gda-website/.next/server/app/blog/[slug]/page.js:1:2704)
    at d (/var/www/gda-website/.next/server/app/blog/[slug]/page.js:1:4819)
    at Module.nU (/var/www/gda-website/.next/server/app/blog/[slug]/page.js:1:139241)
2025-09-10 17:36:36 +03:00: Direct fetch failed for privacy-policy, falling back to list search... Error: API request failed with status 401: {"status":"Authorization Token not found"}
    at p (/var/www/gda-website/.next/server/app/blog/[slug]/page.js:1:2704)
    at d (/var/www/gda-website/.next/server/app/blog/[slug]/page.js:1:4819)
    at Module.nU (/var/www/gda-website/.next/server/app/blog/[slug]/page.js:1:139241)
2025-09-10 17:36:36 +03:00:  ⚠ fetch for https://app.gdacademy.et/api/v2/blogs/all on /blog/privacy-policy specified "cache: no-store" and "revalidate: 60", only one should be specified.
2025-09-10 17:36:41 +03:00:  ⚠ fetch for https://app.gdacademy.et/api/v2/blogs/privacy-policy on /blog/privacy-policy specified "cache: no-store" and "revalidate: 60", only one should be specified.
2025-09-10 17:36:41 +03:00:  ⚠ fetch for https://app.gdacademy.et/api/v2/blogs/privacy-policy on /blog/privacy-policy specified "cache: no-store" and "revalidate: 60", only one should be specified.
2025-09-10 17:36:41 +03:00: ❌ API Error Response: {
  status: 401,
  statusText: 'Unauthorized',
  url: 'https://app.gdacademy.et/api/v2/blogs/privacy-policy',
  error: '{"status":"Authorization Token not found"}'
}
2025-09-10 17:36:41 +03:00: 🚨 API Request Failed: Error: API request failed with status 401: {"status":"Authorization Token not found"}
    at p (/var/www/gda-website/.next/server/app/blog/[slug]/page.js:1:2704)
    at processTicksAndRejections (node:internal/process/task_queues:95:5)
    at d (/var/www/gda-website/.next/server/app/blog/[slug]/page.js:1:4819)
    at nV (/var/www/gda-website/.next/server/app/blog/[slug]/page.js:1:139628)
2025-09-10 17:36:41 +03:00: Direct fetch failed for privacy-policy, falling back to list search... Error: API request failed with status 401: {"status":"Authorization Token not found"}
    at p (/var/www/gda-website/.next/server/app/blog/[slug]/page.js:1:2704)
    at processTicksAndRejections (node:internal/process/task_queues:95:5)
    at d (/var/www/gda-website/.next/server/app/blog/[slug]/page.js:1:4819)
    at nV (/var/www/gda-website/.next/server/app/blog/[slug]/page.js:1:139628)
2025-09-10 17:36:41 +03:00:  ⚠ fetch for https://app.gdacademy.et/api/v2/blogs/all on /blog/privacy-policy specified "cache: no-store" and "revalidate: 60", only one should be specified.
2025-09-10 17:36:41 +03:00:  ⚠ fetch for https://app.gdacademy.et/api/v2/blogs/all on /blog/privacy-policy specified "cache: no-store" and "revalidate: 60", only one should be specified.
2025-09-10 17:36:41 +03:00: ❌ API Error Response: {
  status: 401,
  statusText: 'Unauthorized',
  url: 'https://app.gdacademy.et/api/v2/blogs/privacy-policy',
  error: '{"status":"Authorization Token not found"}'
}
2025-09-10 17:36:41 +03:00: 🚨 API Request Failed: Error: API request failed with status 401: {"status":"Authorization Token not found"}
    at p (/var/www/gda-website/.next/server/app/blog/[slug]/page.js:1:2704)
    at d (/var/www/gda-website/.next/server/app/blog/[slug]/page.js:1:4819)
    at Module.nU (/var/www/gda-website/.next/server/app/blog/[slug]/page.js:1:139241)
2025-09-10 17:36:41 +03:00: Direct fetch failed for privacy-policy, falling back to list search... Error: API request failed with status 401: {"status":"Authorization Token not found"}
    at p (/var/www/gda-website/.next/server/app/blog/[slug]/page.js:1:2704)
    at d (/var/www/gda-website/.next/server/app/blog/[slug]/page.js:1:4819)
    at Module.nU (/var/www/gda-website/.next/server/app/blog/[slug]/page.js:1:139241)
2025-09-10 17:36:41 +03:00:  ⚠ fetch for https://app.gdacademy.et/api/v2/blogs/all on /blog/privacy-policy specified "cache: no-store" and "revalidate: 60", only one should be specified.
2025-09-10 17:38:02 +03:00:  ⚠ For production Image Optimization with Next.js, the optional 'sharp' package is strongly recommended. Run 'npm i sharp', and Next.js will use it automatically for Image Optimization.
Read more: https://nextjs.org/docs/messages/sharp-missing-in-production
2025-09-10 17:49:20 +03:00:  ⚠ fetch for https://app.gdacademy.et/api/v2/blogs/privacy-policy on /blog/privacy-policy specified "cache: no-store" and "revalidate: 60", only one should be specified.
2025-09-10 17:49:20 +03:00:  ⚠ fetch for https://app.gdacademy.et/api/v2/blogs/privacy-policy on /blog/privacy-policy specified "cache: no-store" and "revalidate: 60", only one should be specified.
2025-09-10 17:49:20 +03:00: ❌ API Error Response: {
  status: 401,
  statusText: 'Unauthorized',
  url: 'https://app.gdacademy.et/api/v2/blogs/privacy-policy',
  error: '{"status":"Authorization Token not found"}'
}
2025-09-10 17:49:20 +03:00: 🚨 API Request Failed: Error: API request failed with status 401: {"status":"Authorization Token not found"}
    at p (/var/www/gda-website/.next/server/app/blog/[slug]/page.js:1:2704)
    at processTicksAndRejections (node:internal/process/task_queues:95:5)
    at d (/var/www/gda-website/.next/server/app/blog/[slug]/page.js:1:4819)
    at nV (/var/www/gda-website/.next/server/app/blog/[slug]/page.js:1:139628)
2025-09-10 17:49:20 +03:00: Direct fetch failed for privacy-policy, falling back to list search... Error: API request failed with status 401: {"status":"Authorization Token not found"}
    at p (/var/www/gda-website/.next/server/app/blog/[slug]/page.js:1:2704)
    at processTicksAndRejections (node:internal/process/task_queues:95:5)
    at d (/var/www/gda-website/.next/server/app/blog/[slug]/page.js:1:4819)
    at nV (/var/www/gda-website/.next/server/app/blog/[slug]/page.js:1:139628)
2025-09-10 17:49:20 +03:00:  ⚠ fetch for https://app.gdacademy.et/api/v2/blogs/all on /blog/privacy-policy specified "cache: no-store" and "revalidate: 60", only one should be specified.
2025-09-10 17:49:20 +03:00:  ⚠ fetch for https://app.gdacademy.et/api/v2/blogs/all on /blog/privacy-policy specified "cache: no-store" and "revalidate: 60", only one should be specified.
2025-09-10 17:49:20 +03:00: ❌ API Error Response: {
  status: 401,
  statusText: 'Unauthorized',
  url: 'https://app.gdacademy.et/api/v2/blogs/privacy-policy',
  error: '{"status":"Authorization Token not found"}'
}
2025-09-10 17:49:20 +03:00: 🚨 API Request Failed: Error: API request failed with status 401: {"status":"Authorization Token not found"}
    at p (/var/www/gda-website/.next/server/app/blog/[slug]/page.js:1:2704)
    at d (/var/www/gda-website/.next/server/app/blog/[slug]/page.js:1:4819)
    at Module.nU (/var/www/gda-website/.next/server/app/blog/[slug]/page.js:1:139241)
2025-09-10 17:49:20 +03:00: Direct fetch failed for privacy-policy, falling back to list search... Error: API request failed with status 401: {"status":"Authorization Token not found"}
    at p (/var/www/gda-website/.next/server/app/blog/[slug]/page.js:1:2704)
    at d (/var/www/gda-website/.next/server/app/blog/[slug]/page.js:1:4819)
    at Module.nU (/var/www/gda-website/.next/server/app/blog/[slug]/page.js:1:139241)
2025-09-10 17:49:20 +03:00:  ⚠ fetch for https://app.gdacademy.et/api/v2/blogs/all on /blog/privacy-policy specified "cache: no-store" and "revalidate: 60", only one should be specified.
2025-09-10 18:00:30 +03:00:  ⚠ fetch for https://app.gdacademy.et/api/v2/blogs/terms-of-service on /blog/terms-of-service specified "cache: no-store" and "revalidate: 60", only one should be specified.
2025-09-10 18:00:30 +03:00:  ⚠ fetch for https://app.gdacademy.et/api/v2/blogs/terms-of-service on /blog/terms-of-service specified "cache: no-store" and "revalidate: 60", only one should be specified.
2025-09-10 18:00:30 +03:00: ❌ API Error Response: {
  status: 401,
  statusText: 'Unauthorized',
  url: 'https://app.gdacademy.et/api/v2/blogs/terms-of-service',
  error: '{"status":"Authorization Token not found"}'
}
2025-09-10 18:00:30 +03:00: 🚨 API Request Failed: Error: API request failed with status 401: {"status":"Authorization Token not found"}
    at p (/var/www/gda-website/.next/server/app/blog/[slug]/page.js:1:2704)
    at processTicksAndRejections (node:internal/process/task_queues:95:5)
    at d (/var/www/gda-website/.next/server/app/blog/[slug]/page.js:1:4819)
    at nV (/var/www/gda-website/.next/server/app/blog/[slug]/page.js:1:139628)
2025-09-10 18:00:30 +03:00: Direct fetch failed for terms-of-service, falling back to list search... Error: API request failed with status 401: {"status":"Authorization Token not found"}
    at p (/var/www/gda-website/.next/server/app/blog/[slug]/page.js:1:2704)
    at processTicksAndRejections (node:internal/process/task_queues:95:5)
    at d (/var/www/gda-website/.next/server/app/blog/[slug]/page.js:1:4819)
    at nV (/var/www/gda-website/.next/server/app/blog/[slug]/page.js:1:139628)
2025-09-10 18:00:30 +03:00:  ⚠ fetch for https://app.gdacademy.et/api/v2/blogs/all on /blog/terms-of-service specified "cache: no-store" and "revalidate: 60", only one should be specified.
2025-09-10 18:00:30 +03:00:  ⚠ fetch for https://app.gdacademy.et/api/v2/blogs/all on /blog/terms-of-service specified "cache: no-store" and "revalidate: 60", only one should be specified.
2025-09-10 18:00:30 +03:00: ❌ API Error Response: {
  status: 401,
  statusText: 'Unauthorized',
  url: 'https://app.gdacademy.et/api/v2/blogs/terms-of-service',
  error: '{"status":"Authorization Token not found"}'
}
2025-09-10 18:00:30 +03:00: 🚨 API Request Failed: Error: API request failed with status 401: {"status":"Authorization Token not found"}
    at p (/var/www/gda-website/.next/server/app/blog/[slug]/page.js:1:2704)
    at d (/var/www/gda-website/.next/server/app/blog/[slug]/page.js:1:4819)
    at Module.nU (/var/www/gda-website/.next/server/app/blog/[slug]/page.js:1:139241)
2025-09-10 18:00:30 +03:00: Direct fetch failed for terms-of-service, falling back to list search... Error: API request failed with status 401: {"status":"Authorization Token not found"}
    at p (/var/www/gda-website/.next/server/app/blog/[slug]/page.js:1:2704)
    at d (/var/www/gda-website/.next/server/app/blog/[slug]/page.js:1:4819)
    at Module.nU (/var/www/gda-website/.next/server/app/blog/[slug]/page.js:1:139241)
2025-09-10 18:00:30 +03:00:  ⚠ fetch for https://app.gdacademy.et/api/v2/blogs/all on /blog/terms-of-service specified "cache: no-store" and "revalidate: 60", only one should be specified.
2025-09-10 18:10:09 +03:00:  ⚠ fetch for https://app.gdacademy.et/api/v2/blogs/terms-of-service on /blog/terms-of-service specified "cache: no-store" and "revalidate: 60", only one should be specified.
2025-09-10 18:10:09 +03:00:  ⚠ fetch for https://app.gdacademy.et/api/v2/blogs/terms-of-service on /blog/terms-of-service specified "cache: no-store" and "revalidate: 60", only one should be specified.
2025-09-10 18:10:09 +03:00: ❌ API Error Response: {
  status: 401,
  statusText: 'Unauthorized',
  url: 'https://app.gdacademy.et/api/v2/blogs/terms-of-service',
  error: '{"status":"Authorization Token not found"}'
}
2025-09-10 18:10:09 +03:00: 🚨 API Request Failed: Error: API request failed with status 401: {"status":"Authorization Token not found"}
    at p (/var/www/gda-website/.next/server/app/blog/[slug]/page.js:1:2704)
    at processTicksAndRejections (node:internal/process/task_queues:95:5)
    at d (/var/www/gda-website/.next/server/app/blog/[slug]/page.js:1:4819)
    at nV (/var/www/gda-website/.next/server/app/blog/[slug]/page.js:1:139628)
2025-09-10 18:10:09 +03:00: Direct fetch failed for terms-of-service, falling back to list search... Error: API request failed with status 401: {"status":"Authorization Token not found"}
    at p (/var/www/gda-website/.next/server/app/blog/[slug]/page.js:1:2704)
    at processTicksAndRejections (node:internal/process/task_queues:95:5)
    at d (/var/www/gda-website/.next/server/app/blog/[slug]/page.js:1:4819)
    at nV (/var/www/gda-website/.next/server/app/blog/[slug]/page.js:1:139628)
2025-09-10 18:10:09 +03:00:  ⚠ fetch for https://app.gdacademy.et/api/v2/blogs/all on /blog/terms-of-service specified "cache: no-store" and "revalidate: 60", only one should be specified.
2025-09-10 18:10:09 +03:00:  ⚠ fetch for https://app.gdacademy.et/api/v2/blogs/all on /blog/terms-of-service specified "cache: no-store" and "revalidate: 60", only one should be specified.
2025-09-10 18:10:09 +03:00: ❌ API Error Response: {
  status: 401,
  statusText: 'Unauthorized',
  url: 'https://app.gdacademy.et/api/v2/blogs/terms-of-service',
  error: '{"status":"Authorization Token not found"}'
}
2025-09-10 18:10:09 +03:00: 🚨 API Request Failed: Error: API request failed with status 401: {"status":"Authorization Token not found"}
    at p (/var/www/gda-website/.next/server/app/blog/[slug]/page.js:1:2704)
    at d (/var/www/gda-website/.next/server/app/blog/[slug]/page.js:1:4819)
    at Module.nU (/var/www/gda-website/.next/server/app/blog/[slug]/page.js:1:139241)
2025-09-10 18:10:09 +03:00: Direct fetch failed for terms-of-service, falling back to list search... Error: API request failed with status 401: {"status":"Authorization Token not found"}
    at p (/var/www/gda-website/.next/server/app/blog/[slug]/page.js:1:2704)
    at d (/var/www/gda-website/.next/server/app/blog/[slug]/page.js:1:4819)
    at Module.nU (/var/www/gda-website/.next/server/app/blog/[slug]/page.js:1:139241)
2025-09-10 18:10:09 +03:00:  ⚠ fetch for https://app.gdacademy.et/api/v2/blogs/all on /blog/terms-of-service specified "cache: no-store" and "revalidate: 60", only one should be specified.
