2025-09-08 21:18:50 +03:00:  ⚠ The "images.domains" configuration is deprecated. Please use "images.remotePatterns" configuration instead.
2025-09-08 21:38:21 +03:00:  ⚠ fetch for https://app.gdacademy.et/api/v2/blogs/privacy-policy on /blog/privacy-policy specified "cache: no-store" and "revalidate: 60", only one should be specified.
2025-09-08 21:38:21 +03:00:  ⚠ fetch for https://app.gdacademy.et/api/v2/blogs/privacy-policy on /blog/privacy-policy specified "cache: no-store" and "revalidate: 60", only one should be specified.
2025-09-08 21:38:31 +03:00: 🚨 API Request Failed: TypeError: fetch failed
    at node:internal/deps/undici/undici:13178:13
    at processTicksAndRejections (node:internal/process/task_queues:95:5)
    at p (/var/www/gda-website/.next/server/app/blog/[slug]/page.js:1:2304)
    at d (/var/www/gda-website/.next/server/app/blog/[slug]/page.js:1:4819)
    at nV (/var/www/gda-website/.next/server/app/blog/[slug]/page.js:1:139628) {
  [cause]: ConnectTimeoutError: Connect Timeout Error
      at onConnectTimeout (node:internal/deps/undici/undici:2331:28)
      at node:internal/deps/undici/undici:2283:50
      at Immediate._onImmediate (node:internal/deps/undici/undici:2315:13)
      at processImmediate (node:internal/timers:483:21)
      at process.callbackTrampoline (node:internal/async_hooks:130:17) {
    code: 'UND_ERR_CONNECT_TIMEOUT'
  }
}
2025-09-08 21:38:31 +03:00: Direct fetch failed for privacy-policy, falling back to list search... TypeError: fetch failed
    at node:internal/deps/undici/undici:13178:13
    at processTicksAndRejections (node:internal/process/task_queues:95:5)
    at p (/var/www/gda-website/.next/server/app/blog/[slug]/page.js:1:2304)
    at d (/var/www/gda-website/.next/server/app/blog/[slug]/page.js:1:4819)
    at nV (/var/www/gda-website/.next/server/app/blog/[slug]/page.js:1:139628) {
  [cause]: ConnectTimeoutError: Connect Timeout Error
      at onConnectTimeout (node:internal/deps/undici/undici:2331:28)
      at node:internal/deps/undici/undici:2283:50
      at Immediate._onImmediate (node:internal/deps/undici/undici:2315:13)
      at processImmediate (node:internal/timers:483:21)
      at process.callbackTrampoline (node:internal/async_hooks:130:17) {
    code: 'UND_ERR_CONNECT_TIMEOUT'
  }
}
2025-09-08 21:38:31 +03:00:  ⚠ fetch for https://app.gdacademy.et/api/v2/blogs/all on /blog/privacy-policy specified "cache: no-store" and "revalidate: 60", only one should be specified.
2025-09-08 21:38:31 +03:00: 🚨 API Request Failed: TypeError: fetch failed
    at node:internal/deps/undici/undici:13178:13
    at processTicksAndRejections (node:internal/process/task_queues:95:5)
    at p (/var/www/gda-website/.next/server/app/blog/[slug]/page.js:1:2304)
    at d (/var/www/gda-website/.next/server/app/blog/[slug]/page.js:1:4819)
    at nV (/var/www/gda-website/.next/server/app/blog/[slug]/page.js:1:139628) {
  [cause]: ConnectTimeoutError: Connect Timeout Error
      at onConnectTimeout (node:internal/deps/undici/undici:2331:28)
      at node:internal/deps/undici/undici:2283:50
      at Immediate._onImmediate (node:internal/deps/undici/undici:2315:13)
      at processImmediate (node:internal/timers:483:21)
      at process.callbackTrampoline (node:internal/async_hooks:130:17) {
    code: 'UND_ERR_CONNECT_TIMEOUT'
  }
}
2025-09-08 21:38:31 +03:00: Direct fetch failed for privacy-policy, falling back to list search... TypeError: fetch failed
    at node:internal/deps/undici/undici:13178:13
    at processTicksAndRejections (node:internal/process/task_queues:95:5)
    at p (/var/www/gda-website/.next/server/app/blog/[slug]/page.js:1:2304)
    at d (/var/www/gda-website/.next/server/app/blog/[slug]/page.js:1:4819)
    at nV (/var/www/gda-website/.next/server/app/blog/[slug]/page.js:1:139628) {
  [cause]: ConnectTimeoutError: Connect Timeout Error
      at onConnectTimeout (node:internal/deps/undici/undici:2331:28)
      at node:internal/deps/undici/undici:2283:50
      at Immediate._onImmediate (node:internal/deps/undici/undici:2315:13)
      at processImmediate (node:internal/timers:483:21)
      at process.callbackTrampoline (node:internal/async_hooks:130:17) {
    code: 'UND_ERR_CONNECT_TIMEOUT'
  }
}
2025-09-08 21:38:31 +03:00:  ⚠ fetch for https://app.gdacademy.et/api/v2/blogs/all on /blog/privacy-policy specified "cache: no-store" and "revalidate: 60", only one should be specified.
2025-09-08 21:38:31 +03:00:  ⚠ fetch for https://app.gdacademy.et/api/v2/blogs/all on /blog/privacy-policy specified "cache: no-store" and "revalidate: 60", only one should be specified.
2025-09-08 21:38:41 +03:00: TypeError: fetch failed
    at node:internal/deps/undici/undici:13178:13
    at processTicksAndRejections (node:internal/process/task_queues:95:5) {
  [cause]: ConnectTimeoutError: Connect Timeout Error
      at onConnectTimeout (node:internal/deps/undici/undici:2331:28)
      at node:internal/deps/undici/undici:2283:50
      at Immediate._onImmediate (node:internal/deps/undici/undici:2315:13)
      at processImmediate (node:internal/timers:483:21)
      at process.callbackTrampoline (node:internal/async_hooks:130:17) {
    code: 'UND_ERR_CONNECT_TIMEOUT'
  }
}
2025-09-08 21:38:41 +03:00:  ⨯ Error: failed to pipe response
    at ea (/var/www/gda-website/node_modules/next/dist/compiled/next-server/webpack:/next/dist/esm/server/pipe-readable.js:104:15)
    at processTicksAndRejections (node:internal/process/task_queues:95:5)
    at ei.pipeToNodeResponse (/var/www/gda-website/node_modules/next/dist/compiled/next-server/webpack:/next/dist/esm/server/render-result.js:133:9)
    at sendRenderResult (/var/www/gda-website/node_modules/next/src/server/send-payload.ts:152:3)
    at NextNodeServer.pipeImpl (/var/www/gda-website/node_modules/next/src/server/base-server.ts:1560:7)
    at NextNodeServer.handleCatchallRenderRequest (/var/www/gda-website/node_modules/next/src/server/next-server.ts:1020:7)
    at NextNodeServer.handleRequestImpl (/var/www/gda-website/node_modules/next/src/server/base-server.ts:1324:9)
    at invokeRender (/var/www/gda-website/node_modules/next/src/server/lib/router-server.ts:270:11)
    at handleRequest (/var/www/gda-website/node_modules/next/src/server/lib/router-server.ts:516:16)
    at requestHandlerImpl (/var/www/gda-website/node_modules/next/src/server/lib/router-server.ts:562:7) {
  [cause]: TypeError: fetch failed
      at node:internal/deps/undici/undici:13178:13
      at processTicksAndRejections (node:internal/process/task_queues:95:5) {
    [cause]: ConnectTimeoutError: Connect Timeout Error
        at onConnectTimeout (node:internal/deps/undici/undici:2331:28)
        at node:internal/deps/undici/undici:2283:50
        at Immediate._onImmediate (node:internal/deps/undici/undici:2315:13)
        at processImmediate (node:internal/timers:483:21)
        at process.callbackTrampoline (node:internal/async_hooks:130:17) {
      code: 'UND_ERR_CONNECT_TIMEOUT'
    }
  }
}
2025-09-10 08:27:43 +03:00:  ⚠ fetch for https://app.gdacademy.et/api/v2/blogs/about-us on /blog/about-us specified "cache: no-store" and "revalidate: 60", only one should be specified.
2025-09-10 08:27:43 +03:00:  ⚠ fetch for https://app.gdacademy.et/api/v2/blogs/about-us on /blog/about-us specified "cache: no-store" and "revalidate: 60", only one should be specified.
2025-09-10 08:27:44 +03:00: ❌ API Error Response: {
  status: 401,
  statusText: 'Unauthorized',
  url: 'https://app.gdacademy.et/api/v2/blogs/about-us',
  error: '{"status":"Authorization Token not found"}'
}
2025-09-10 08:27:44 +03:00: 🚨 API Request Failed: Error: API request failed with status 401: {"status":"Authorization Token not found"}
    at p (/var/www/gda-website/.next/server/app/blog/[slug]/page.js:1:2704)
    at processTicksAndRejections (node:internal/process/task_queues:95:5)
    at d (/var/www/gda-website/.next/server/app/blog/[slug]/page.js:1:4819)
    at nV (/var/www/gda-website/.next/server/app/blog/[slug]/page.js:1:139628)
2025-09-10 08:27:44 +03:00: Direct fetch failed for about-us, falling back to list search... Error: API request failed with status 401: {"status":"Authorization Token not found"}
    at p (/var/www/gda-website/.next/server/app/blog/[slug]/page.js:1:2704)
    at processTicksAndRejections (node:internal/process/task_queues:95:5)
    at d (/var/www/gda-website/.next/server/app/blog/[slug]/page.js:1:4819)
    at nV (/var/www/gda-website/.next/server/app/blog/[slug]/page.js:1:139628)
2025-09-10 08:27:44 +03:00:  ⚠ fetch for https://app.gdacademy.et/api/v2/blogs/all on /blog/about-us specified "cache: no-store" and "revalidate: 60", only one should be specified.
2025-09-10 08:27:44 +03:00: ❌ API Error Response: {
  status: 401,
  statusText: 'Unauthorized',
  url: 'https://app.gdacademy.et/api/v2/blogs/about-us',
  error: '{"status":"Authorization Token not found"}'
}
2025-09-10 08:27:44 +03:00: 🚨 API Request Failed: Error: API request failed with status 401: {"status":"Authorization Token not found"}
    at p (/var/www/gda-website/.next/server/app/blog/[slug]/page.js:1:2704)
    at d (/var/www/gda-website/.next/server/app/blog/[slug]/page.js:1:4819)
    at Module.nU (/var/www/gda-website/.next/server/app/blog/[slug]/page.js:1:139241)
2025-09-10 08:27:44 +03:00: Direct fetch failed for about-us, falling back to list search... Error: API request failed with status 401: {"status":"Authorization Token not found"}
    at p (/var/www/gda-website/.next/server/app/blog/[slug]/page.js:1:2704)
    at d (/var/www/gda-website/.next/server/app/blog/[slug]/page.js:1:4819)
    at Module.nU (/var/www/gda-website/.next/server/app/blog/[slug]/page.js:1:139241)
2025-09-10 08:27:44 +03:00:  ⚠ fetch for https://app.gdacademy.et/api/v2/blogs/all on /blog/about-us specified "cache: no-store" and "revalidate: 60", only one should be specified.
2025-09-10 08:27:44 +03:00:  ⚠ fetch for https://app.gdacademy.et/api/v2/blogs/all on /blog/about-us specified "cache: no-store" and "revalidate: 60", only one should be specified.
2025-09-10 08:27:51 +03:00:  ⚠ fetch for https://app.gdacademy.et/api/v2/blogs/terms-of-service on /blog/terms-of-service specified "cache: no-store" and "revalidate: 60", only one should be specified.
2025-09-10 08:27:51 +03:00:  ⚠ fetch for https://app.gdacademy.et/api/v2/blogs/terms-of-service on /blog/terms-of-service specified "cache: no-store" and "revalidate: 60", only one should be specified.
2025-09-10 08:27:51 +03:00: ❌ API Error Response: {
  status: 401,
  statusText: 'Unauthorized',
  url: 'https://app.gdacademy.et/api/v2/blogs/terms-of-service',
  error: '{"status":"Authorization Token not found"}'
}
2025-09-10 08:27:51 +03:00: 🚨 API Request Failed: Error: API request failed with status 401: {"status":"Authorization Token not found"}
    at p (/var/www/gda-website/.next/server/app/blog/[slug]/page.js:1:2704)
    at processTicksAndRejections (node:internal/process/task_queues:95:5)
    at d (/var/www/gda-website/.next/server/app/blog/[slug]/page.js:1:4819)
    at nV (/var/www/gda-website/.next/server/app/blog/[slug]/page.js:1:139628)
2025-09-10 08:27:51 +03:00: Direct fetch failed for terms-of-service, falling back to list search... Error: API request failed with status 401: {"status":"Authorization Token not found"}
    at p (/var/www/gda-website/.next/server/app/blog/[slug]/page.js:1:2704)
    at processTicksAndRejections (node:internal/process/task_queues:95:5)
    at d (/var/www/gda-website/.next/server/app/blog/[slug]/page.js:1:4819)
    at nV (/var/www/gda-website/.next/server/app/blog/[slug]/page.js:1:139628)
2025-09-10 08:27:51 +03:00:  ⚠ fetch for https://app.gdacademy.et/api/v2/blogs/all on /blog/terms-of-service specified "cache: no-store" and "revalidate: 60", only one should be specified.
2025-09-10 08:27:51 +03:00:  ⚠ fetch for https://app.gdacademy.et/api/v2/blogs/all on /blog/terms-of-service specified "cache: no-store" and "revalidate: 60", only one should be specified.
2025-09-10 08:27:51 +03:00: ❌ API Error Response: {
  status: 401,
  statusText: 'Unauthorized',
  url: 'https://app.gdacademy.et/api/v2/blogs/terms-of-service',
  error: '{"status":"Authorization Token not found"}'
}
2025-09-10 08:27:51 +03:00: 🚨 API Request Failed: Error: API request failed with status 401: {"status":"Authorization Token not found"}
    at p (/var/www/gda-website/.next/server/app/blog/[slug]/page.js:1:2704)
    at d (/var/www/gda-website/.next/server/app/blog/[slug]/page.js:1:4819)
    at Module.nU (/var/www/gda-website/.next/server/app/blog/[slug]/page.js:1:139241)
2025-09-10 08:27:51 +03:00: Direct fetch failed for terms-of-service, falling back to list search... Error: API request failed with status 401: {"status":"Authorization Token not found"}
    at p (/var/www/gda-website/.next/server/app/blog/[slug]/page.js:1:2704)
    at d (/var/www/gda-website/.next/server/app/blog/[slug]/page.js:1:4819)
    at Module.nU (/var/www/gda-website/.next/server/app/blog/[slug]/page.js:1:139241)
2025-09-10 08:27:51 +03:00:  ⚠ fetch for https://app.gdacademy.et/api/v2/blogs/all on /blog/terms-of-service specified "cache: no-store" and "revalidate: 60", only one should be specified.
2025-09-10 09:10:36 +03:00:  ⚠ The "images.domains" configuration is deprecated. Please use "images.remotePatterns" configuration instead.
2025-09-10 09:10:48 +03:00:  ⚠ For production Image Optimization with Next.js, the optional 'sharp' package is strongly recommended. Run 'npm i sharp', and Next.js will use it automatically for Image Optimization.
Read more: https://nextjs.org/docs/messages/sharp-missing-in-production
2025-09-10 09:17:51 +03:00:  ⚠ fetch for https://app.gdacademy.et/api/v2/blogs/helpfaq on /blog/helpfaq?_rsc=1lo9z specified "cache: no-store" and "revalidate: 60", only one should be specified.
2025-09-10 09:17:51 +03:00:  ⚠ fetch for https://app.gdacademy.et/api/v2/blogs/helpfaq on /blog/helpfaq?_rsc=1lo9z specified "cache: no-store" and "revalidate: 60", only one should be specified.
2025-09-10 09:17:52 +03:00: ❌ API Error Response: {
  status: 401,
  statusText: 'Unauthorized',
  url: 'https://app.gdacademy.et/api/v2/blogs/helpfaq',
  error: '{"status":"Authorization Token not found"}'
}
2025-09-10 09:17:52 +03:00: 🚨 API Request Failed: Error: API request failed with status 401: {"status":"Authorization Token not found"}
    at p (/var/www/gda-website/.next/server/app/blog/[slug]/page.js:1:2704)
    at processTicksAndRejections (node:internal/process/task_queues:95:5)
    at d (/var/www/gda-website/.next/server/app/blog/[slug]/page.js:1:4819)
    at nV (/var/www/gda-website/.next/server/app/blog/[slug]/page.js:1:139628)
2025-09-10 09:17:52 +03:00: Direct fetch failed for helpfaq, falling back to list search... Error: API request failed with status 401: {"status":"Authorization Token not found"}
    at p (/var/www/gda-website/.next/server/app/blog/[slug]/page.js:1:2704)
    at processTicksAndRejections (node:internal/process/task_queues:95:5)
    at d (/var/www/gda-website/.next/server/app/blog/[slug]/page.js:1:4819)
    at nV (/var/www/gda-website/.next/server/app/blog/[slug]/page.js:1:139628)
2025-09-10 09:17:52 +03:00:  ⚠ fetch for https://app.gdacademy.et/api/v2/blogs/all on /blog/helpfaq?_rsc=1lo9z specified "cache: no-store" and "revalidate: 60", only one should be specified.
2025-09-10 09:17:52 +03:00:  ⚠ fetch for https://app.gdacademy.et/api/v2/blogs/all on /blog/helpfaq?_rsc=1lo9z specified "cache: no-store" and "revalidate: 60", only one should be specified.
2025-09-10 09:17:52 +03:00: ❌ API Error Response: {
  status: 401,
  statusText: 'Unauthorized',
  url: 'https://app.gdacademy.et/api/v2/blogs/helpfaq',
  error: '{"status":"Authorization Token not found"}'
}
2025-09-10 09:17:52 +03:00: 🚨 API Request Failed: Error: API request failed with status 401: {"status":"Authorization Token not found"}
    at p (/var/www/gda-website/.next/server/app/blog/[slug]/page.js:1:2704)
    at d (/var/www/gda-website/.next/server/app/blog/[slug]/page.js:1:4819)
    at Module.nU (/var/www/gda-website/.next/server/app/blog/[slug]/page.js:1:139241)
2025-09-10 09:17:52 +03:00: Direct fetch failed for helpfaq, falling back to list search... Error: API request failed with status 401: {"status":"Authorization Token not found"}
    at p (/var/www/gda-website/.next/server/app/blog/[slug]/page.js:1:2704)
    at d (/var/www/gda-website/.next/server/app/blog/[slug]/page.js:1:4819)
    at Module.nU (/var/www/gda-website/.next/server/app/blog/[slug]/page.js:1:139241)
2025-09-10 09:17:52 +03:00:  ⚠ fetch for https://app.gdacademy.et/api/v2/blogs/all on /blog/helpfaq?_rsc=1lo9z specified "cache: no-store" and "revalidate: 60", only one should be specified.
2025-09-10 10:15:46 +03:00:  ⚠ The "images.domains" configuration is deprecated. Please use "images.remotePatterns" configuration instead.
2025-09-10 10:22:15 +03:00:  ⚠ The "images.domains" configuration is deprecated. Please use "images.remotePatterns" configuration instead.
2025-09-10 11:37:13 +03:00:  ⚠ The "images.domains" configuration is deprecated. Please use "images.remotePatterns" configuration instead.
2025-09-10 11:39:04 +03:00:  ⚠ For production Image Optimization with Next.js, the optional 'sharp' package is strongly recommended. Run 'npm i sharp', and Next.js will use it automatically for Image Optimization.
Read more: https://nextjs.org/docs/messages/sharp-missing-in-production
2025-09-10 13:27:27 +03:00:  ⚠ The "images.domains" configuration is deprecated. Please use "images.remotePatterns" configuration instead.
2025-09-10 13:39:40 +03:00:  ⚠ For production Image Optimization with Next.js, the optional 'sharp' package is strongly recommended. Run 'npm i sharp', and Next.js will use it automatically for Image Optimization.
Read more: https://nextjs.org/docs/messages/sharp-missing-in-production
2025-09-10 17:33:50 +03:00:  ⚠ fetch for https://app.gdacademy.et/api/v2/blogs/privacy-policy on /blog/privacy-policy specified "cache: no-store" and "revalidate: 60", only one should be specified.
2025-09-10 17:33:50 +03:00:  ⚠ fetch for https://app.gdacademy.et/api/v2/blogs/privacy-policy on /blog/privacy-policy specified "cache: no-store" and "revalidate: 60", only one should be specified.
2025-09-10 17:33:50 +03:00: ❌ API Error Response: {
  status: 401,
  statusText: 'Unauthorized',
  url: 'https://app.gdacademy.et/api/v2/blogs/privacy-policy',
  error: '{"status":"Authorization Token not found"}'
}
2025-09-10 17:33:50 +03:00: 🚨 API Request Failed: Error: API request failed with status 401: {"status":"Authorization Token not found"}
    at p (/var/www/gda-website/.next/server/app/blog/[slug]/page.js:1:2704)
    at processTicksAndRejections (node:internal/process/task_queues:95:5)
    at d (/var/www/gda-website/.next/server/app/blog/[slug]/page.js:1:4819)
    at nV (/var/www/gda-website/.next/server/app/blog/[slug]/page.js:1:139628)
2025-09-10 17:33:50 +03:00: Direct fetch failed for privacy-policy, falling back to list search... Error: API request failed with status 401: {"status":"Authorization Token not found"}
    at p (/var/www/gda-website/.next/server/app/blog/[slug]/page.js:1:2704)
    at processTicksAndRejections (node:internal/process/task_queues:95:5)
    at d (/var/www/gda-website/.next/server/app/blog/[slug]/page.js:1:4819)
    at nV (/var/www/gda-website/.next/server/app/blog/[slug]/page.js:1:139628)
2025-09-10 17:33:50 +03:00:  ⚠ fetch for https://app.gdacademy.et/api/v2/blogs/all on /blog/privacy-policy specified "cache: no-store" and "revalidate: 60", only one should be specified.
2025-09-10 17:33:50 +03:00: ❌ API Error Response: {
  status: 401,
  statusText: 'Unauthorized',
  url: 'https://app.gdacademy.et/api/v2/blogs/privacy-policy',
  error: '{"status":"Authorization Token not found"}'
}
2025-09-10 17:33:50 +03:00: 🚨 API Request Failed: Error: API request failed with status 401: {"status":"Authorization Token not found"}
    at p (/var/www/gda-website/.next/server/app/blog/[slug]/page.js:1:2704)
    at d (/var/www/gda-website/.next/server/app/blog/[slug]/page.js:1:4819)
    at Module.nU (/var/www/gda-website/.next/server/app/blog/[slug]/page.js:1:139241)
2025-09-10 17:33:50 +03:00: Direct fetch failed for privacy-policy, falling back to list search... Error: API request failed with status 401: {"status":"Authorization Token not found"}
    at p (/var/www/gda-website/.next/server/app/blog/[slug]/page.js:1:2704)
    at d (/var/www/gda-website/.next/server/app/blog/[slug]/page.js:1:4819)
    at Module.nU (/var/www/gda-website/.next/server/app/blog/[slug]/page.js:1:139241)
2025-09-10 17:33:50 +03:00:  ⚠ fetch for https://app.gdacademy.et/api/v2/blogs/all on /blog/privacy-policy specified "cache: no-store" and "revalidate: 60", only one should be specified.
2025-09-10 17:33:50 +03:00:  ⚠ fetch for https://app.gdacademy.et/api/v2/blogs/all on /blog/privacy-policy specified "cache: no-store" and "revalidate: 60", only one should be specified.
2025-09-10 17:36:04 +03:00:  ⚠ fetch for https://app.gdacademy.et/api/v2/blogs/privacy-policy on /blog/privacy-policy specified "cache: no-store" and "revalidate: 60", only one should be specified.
2025-09-10 17:36:04 +03:00:  ⚠ fetch for https://app.gdacademy.et/api/v2/blogs/privacy-policy on /blog/privacy-policy specified "cache: no-store" and "revalidate: 60", only one should be specified.
2025-09-10 17:36:04 +03:00: ❌ API Error Response: {
  status: 401,
  statusText: 'Unauthorized',
  url: 'https://app.gdacademy.et/api/v2/blogs/privacy-policy',
  error: '{"status":"Authorization Token not found"}'
}
2025-09-10 17:36:04 +03:00: 🚨 API Request Failed: Error: API request failed with status 401: {"status":"Authorization Token not found"}
    at p (/var/www/gda-website/.next/server/app/blog/[slug]/page.js:1:2704)
    at processTicksAndRejections (node:internal/process/task_queues:95:5)
    at d (/var/www/gda-website/.next/server/app/blog/[slug]/page.js:1:4819)
    at nV (/var/www/gda-website/.next/server/app/blog/[slug]/page.js:1:139628)
2025-09-10 17:36:04 +03:00: Direct fetch failed for privacy-policy, falling back to list search... Error: API request failed with status 401: {"status":"Authorization Token not found"}
    at p (/var/www/gda-website/.next/server/app/blog/[slug]/page.js:1:2704)
    at processTicksAndRejections (node:internal/process/task_queues:95:5)
    at d (/var/www/gda-website/.next/server/app/blog/[slug]/page.js:1:4819)
    at nV (/var/www/gda-website/.next/server/app/blog/[slug]/page.js:1:139628)
2025-09-10 17:36:04 +03:00:  ⚠ fetch for https://app.gdacademy.et/api/v2/blogs/all on /blog/privacy-policy specified "cache: no-store" and "revalidate: 60", only one should be specified.
2025-09-10 17:36:04 +03:00:  ⚠ fetch for https://app.gdacademy.et/api/v2/blogs/all on /blog/privacy-policy specified "cache: no-store" and "revalidate: 60", only one should be specified.
2025-09-10 17:36:04 +03:00: ❌ API Error Response: {
  status: 401,
  statusText: 'Unauthorized',
  url: 'https://app.gdacademy.et/api/v2/blogs/privacy-policy',
  error: '{"status":"Authorization Token not found"}'
}
2025-09-10 17:36:04 +03:00: 🚨 API Request Failed: Error: API request failed with status 401: {"status":"Authorization Token not found"}
    at p (/var/www/gda-website/.next/server/app/blog/[slug]/page.js:1:2704)
    at d (/var/www/gda-website/.next/server/app/blog/[slug]/page.js:1:4819)
    at Module.nU (/var/www/gda-website/.next/server/app/blog/[slug]/page.js:1:139241)
2025-09-10 17:36:04 +03:00: Direct fetch failed for privacy-policy, falling back to list search... Error: API request failed with status 401: {"status":"Authorization Token not found"}
    at p (/var/www/gda-website/.next/server/app/blog/[slug]/page.js:1:2704)
    at d (/var/www/gda-website/.next/server/app/blog/[slug]/page.js:1:4819)
    at Module.nU (/var/www/gda-website/.next/server/app/blog/[slug]/page.js:1:139241)
2025-09-10 17:36:04 +03:00:  ⚠ fetch for https://app.gdacademy.et/api/v2/blogs/all on /blog/privacy-policy specified "cache: no-store" and "revalidate: 60", only one should be specified.
2025-09-10 17:44:28 +03:00:  ⚠ fetch for https://app.gdacademy.et/api/v2/blogs/privacy-policy on /blog/privacy-policy specified "cache: no-store" and "revalidate: 60", only one should be specified.
2025-09-10 17:44:28 +03:00:  ⚠ fetch for https://app.gdacademy.et/api/v2/blogs/privacy-policy on /blog/privacy-policy specified "cache: no-store" and "revalidate: 60", only one should be specified.
2025-09-10 17:44:28 +03:00: ❌ API Error Response: {
  status: 401,
  statusText: 'Unauthorized',
  url: 'https://app.gdacademy.et/api/v2/blogs/privacy-policy',
  error: '{"status":"Authorization Token not found"}'
}
2025-09-10 17:44:28 +03:00: 🚨 API Request Failed: Error: API request failed with status 401: {"status":"Authorization Token not found"}
    at p (/var/www/gda-website/.next/server/app/blog/[slug]/page.js:1:2704)
    at processTicksAndRejections (node:internal/process/task_queues:95:5)
    at d (/var/www/gda-website/.next/server/app/blog/[slug]/page.js:1:4819)
    at nV (/var/www/gda-website/.next/server/app/blog/[slug]/page.js:1:139628)
2025-09-10 17:44:28 +03:00: Direct fetch failed for privacy-policy, falling back to list search... Error: API request failed with status 401: {"status":"Authorization Token not found"}
    at p (/var/www/gda-website/.next/server/app/blog/[slug]/page.js:1:2704)
    at processTicksAndRejections (node:internal/process/task_queues:95:5)
    at d (/var/www/gda-website/.next/server/app/blog/[slug]/page.js:1:4819)
    at nV (/var/www/gda-website/.next/server/app/blog/[slug]/page.js:1:139628)
2025-09-10 17:44:28 +03:00:  ⚠ fetch for https://app.gdacademy.et/api/v2/blogs/all on /blog/privacy-policy specified "cache: no-store" and "revalidate: 60", only one should be specified.
2025-09-10 17:44:28 +03:00:  ⚠ fetch for https://app.gdacademy.et/api/v2/blogs/all on /blog/privacy-policy specified "cache: no-store" and "revalidate: 60", only one should be specified.
2025-09-10 17:44:28 +03:00: ❌ API Error Response: {
  status: 401,
  statusText: 'Unauthorized',
  url: 'https://app.gdacademy.et/api/v2/blogs/privacy-policy',
  error: '{"status":"Authorization Token not found"}'
}
2025-09-10 17:44:28 +03:00: 🚨 API Request Failed: Error: API request failed with status 401: {"status":"Authorization Token not found"}
    at p (/var/www/gda-website/.next/server/app/blog/[slug]/page.js:1:2704)
    at d (/var/www/gda-website/.next/server/app/blog/[slug]/page.js:1:4819)
    at Module.nU (/var/www/gda-website/.next/server/app/blog/[slug]/page.js:1:139241)
2025-09-10 17:44:28 +03:00: Direct fetch failed for privacy-policy, falling back to list search... Error: API request failed with status 401: {"status":"Authorization Token not found"}
    at p (/var/www/gda-website/.next/server/app/blog/[slug]/page.js:1:2704)
    at d (/var/www/gda-website/.next/server/app/blog/[slug]/page.js:1:4819)
    at Module.nU (/var/www/gda-website/.next/server/app/blog/[slug]/page.js:1:139241)
2025-09-10 17:44:28 +03:00:  ⚠ fetch for https://app.gdacademy.et/api/v2/blogs/all on /blog/privacy-policy specified "cache: no-store" and "revalidate: 60", only one should be specified.
2025-09-10 17:48:03 +03:00:  ⚠ fetch for https://app.gdacademy.et/api/v2/blogs/privacy-policy on /blog/privacy-policy specified "cache: no-store" and "revalidate: 60", only one should be specified.
2025-09-10 17:48:03 +03:00:  ⚠ fetch for https://app.gdacademy.et/api/v2/blogs/privacy-policy on /blog/privacy-policy specified "cache: no-store" and "revalidate: 60", only one should be specified.
2025-09-10 17:48:03 +03:00: ❌ API Error Response: {
  status: 401,
  statusText: 'Unauthorized',
  url: 'https://app.gdacademy.et/api/v2/blogs/privacy-policy',
  error: '{"status":"Authorization Token not found"}'
}
2025-09-10 17:48:03 +03:00: 🚨 API Request Failed: Error: API request failed with status 401: {"status":"Authorization Token not found"}
    at p (/var/www/gda-website/.next/server/app/blog/[slug]/page.js:1:2704)
    at processTicksAndRejections (node:internal/process/task_queues:95:5)
    at d (/var/www/gda-website/.next/server/app/blog/[slug]/page.js:1:4819)
    at nV (/var/www/gda-website/.next/server/app/blog/[slug]/page.js:1:139628)
2025-09-10 17:48:03 +03:00: Direct fetch failed for privacy-policy, falling back to list search... Error: API request failed with status 401: {"status":"Authorization Token not found"}
    at p (/var/www/gda-website/.next/server/app/blog/[slug]/page.js:1:2704)
    at processTicksAndRejections (node:internal/process/task_queues:95:5)
    at d (/var/www/gda-website/.next/server/app/blog/[slug]/page.js:1:4819)
    at nV (/var/www/gda-website/.next/server/app/blog/[slug]/page.js:1:139628)
2025-09-10 17:48:03 +03:00:  ⚠ fetch for https://app.gdacademy.et/api/v2/blogs/all on /blog/privacy-policy specified "cache: no-store" and "revalidate: 60", only one should be specified.
2025-09-10 17:48:03 +03:00:  ⚠ fetch for https://app.gdacademy.et/api/v2/blogs/all on /blog/privacy-policy specified "cache: no-store" and "revalidate: 60", only one should be specified.
2025-09-10 17:48:03 +03:00: ❌ API Error Response: {
  status: 401,
  statusText: 'Unauthorized',
  url: 'https://app.gdacademy.et/api/v2/blogs/privacy-policy',
  error: '{"status":"Authorization Token not found"}'
}
2025-09-10 17:48:03 +03:00: 🚨 API Request Failed: Error: API request failed with status 401: {"status":"Authorization Token not found"}
    at p (/var/www/gda-website/.next/server/app/blog/[slug]/page.js:1:2704)
    at d (/var/www/gda-website/.next/server/app/blog/[slug]/page.js:1:4819)
    at Module.nU (/var/www/gda-website/.next/server/app/blog/[slug]/page.js:1:139241)
2025-09-10 17:48:03 +03:00: Direct fetch failed for privacy-policy, falling back to list search... Error: API request failed with status 401: {"status":"Authorization Token not found"}
    at p (/var/www/gda-website/.next/server/app/blog/[slug]/page.js:1:2704)
    at d (/var/www/gda-website/.next/server/app/blog/[slug]/page.js:1:4819)
    at Module.nU (/var/www/gda-website/.next/server/app/blog/[slug]/page.js:1:139241)
2025-09-10 17:48:03 +03:00:  ⚠ fetch for https://app.gdacademy.et/api/v2/blogs/all on /blog/privacy-policy specified "cache: no-store" and "revalidate: 60", only one should be specified.
2025-09-10 17:49:18 +03:00:  ⚠ fetch for https://app.gdacademy.et/api/v2/blogs/privacy-policy on /blog/privacy-policy specified "cache: no-store" and "revalidate: 60", only one should be specified.
2025-09-10 17:49:18 +03:00:  ⚠ fetch for https://app.gdacademy.et/api/v2/blogs/privacy-policy on /blog/privacy-policy specified "cache: no-store" and "revalidate: 60", only one should be specified.
2025-09-10 17:49:18 +03:00: ❌ API Error Response: {
  status: 401,
  statusText: 'Unauthorized',
  url: 'https://app.gdacademy.et/api/v2/blogs/privacy-policy',
  error: '{"status":"Authorization Token not found"}'
}
2025-09-10 17:49:18 +03:00: 🚨 API Request Failed: Error: API request failed with status 401: {"status":"Authorization Token not found"}
    at p (/var/www/gda-website/.next/server/app/blog/[slug]/page.js:1:2704)
    at processTicksAndRejections (node:internal/process/task_queues:95:5)
    at d (/var/www/gda-website/.next/server/app/blog/[slug]/page.js:1:4819)
    at nV (/var/www/gda-website/.next/server/app/blog/[slug]/page.js:1:139628)
2025-09-10 17:49:18 +03:00: Direct fetch failed for privacy-policy, falling back to list search... Error: API request failed with status 401: {"status":"Authorization Token not found"}
    at p (/var/www/gda-website/.next/server/app/blog/[slug]/page.js:1:2704)
    at processTicksAndRejections (node:internal/process/task_queues:95:5)
    at d (/var/www/gda-website/.next/server/app/blog/[slug]/page.js:1:4819)
    at nV (/var/www/gda-website/.next/server/app/blog/[slug]/page.js:1:139628)
2025-09-10 17:49:18 +03:00:  ⚠ fetch for https://app.gdacademy.et/api/v2/blogs/all on /blog/privacy-policy specified "cache: no-store" and "revalidate: 60", only one should be specified.
2025-09-10 17:49:18 +03:00:  ⚠ fetch for https://app.gdacademy.et/api/v2/blogs/all on /blog/privacy-policy specified "cache: no-store" and "revalidate: 60", only one should be specified.
2025-09-10 17:49:18 +03:00: ❌ API Error Response: {
  status: 401,
  statusText: 'Unauthorized',
  url: 'https://app.gdacademy.et/api/v2/blogs/privacy-policy',
  error: '{"status":"Authorization Token not found"}'
}
2025-09-10 17:49:18 +03:00: 🚨 API Request Failed: Error: API request failed with status 401: {"status":"Authorization Token not found"}
    at p (/var/www/gda-website/.next/server/app/blog/[slug]/page.js:1:2704)
    at d (/var/www/gda-website/.next/server/app/blog/[slug]/page.js:1:4819)
    at Module.nU (/var/www/gda-website/.next/server/app/blog/[slug]/page.js:1:139241)
2025-09-10 17:49:18 +03:00: Direct fetch failed for privacy-policy, falling back to list search... Error: API request failed with status 401: {"status":"Authorization Token not found"}
    at p (/var/www/gda-website/.next/server/app/blog/[slug]/page.js:1:2704)
    at d (/var/www/gda-website/.next/server/app/blog/[slug]/page.js:1:4819)
    at Module.nU (/var/www/gda-website/.next/server/app/blog/[slug]/page.js:1:139241)
2025-09-10 17:49:18 +03:00:  ⚠ fetch for https://app.gdacademy.et/api/v2/blogs/all on /blog/privacy-policy specified "cache: no-store" and "revalidate: 60", only one should be specified.
