2025-09-08 20:31:26 +03:00:  ⚠ The "images.domains" configuration is deprecated. Please use "images.remotePatterns" configuration instead.
2025-09-08 20:40:34 +03:00:  ⚠ The "images.domains" configuration is deprecated. Please use "images.remotePatterns" configuration instead.
2025-09-08 20:42:39 +03:00:  ⚠ The "images.domains" configuration is deprecated. Please use "images.remotePatterns" configuration instead.
2025-09-08 20:46:01 +03:00:  ⚠ The "images.domains" configuration is deprecated. Please use "images.remotePatterns" configuration instead.
2025-09-08 20:53:28 +03:00:  ⚠ The "images.domains" configuration is deprecated. Please use "images.remotePatterns" configuration instead.
2025-09-08 21:05:32 +03:00:  ⚠ The "images.domains" configuration is deprecated. Please use "images.remotePatterns" configuration instead.
2025-09-08 21:10:24 +03:00:  ⚠ fetch for https://app.gdacademy.et/api/v2/blogs/terms-of-service on /blog/terms-of-service specified "cache: no-store" and "revalidate: 60", only one should be specified.
2025-09-08 21:10:24 +03:00:  ⚠ fetch for https://app.gdacademy.et/api/v2/blogs/terms-of-service on /blog/terms-of-service specified "cache: no-store" and "revalidate: 60", only one should be specified.
2025-09-08 21:10:25 +03:00: ❌ API Error Response: {
  status: 401,
  statusText: 'Unauthorized',
  url: 'https://app.gdacademy.et/api/v2/blogs/terms-of-service',
  error: '{"status":"Authorization Token not found"}'
}
2025-09-08 21:10:25 +03:00: 🚨 API Request Failed: Error: API request failed with status 401: {"status":"Authorization Token not found"}
    at p (/var/www/gda-website/.next/server/app/blog/[slug]/page.js:1:2704)
    at processTicksAndRejections (node:internal/process/task_queues:95:5)
    at d (/var/www/gda-website/.next/server/app/blog/[slug]/page.js:1:4819)
    at nV (/var/www/gda-website/.next/server/app/blog/[slug]/page.js:1:139628)
2025-09-08 21:10:25 +03:00: Direct fetch failed for terms-of-service, falling back to list search... Error: API request failed with status 401: {"status":"Authorization Token not found"}
    at p (/var/www/gda-website/.next/server/app/blog/[slug]/page.js:1:2704)
    at processTicksAndRejections (node:internal/process/task_queues:95:5)
    at d (/var/www/gda-website/.next/server/app/blog/[slug]/page.js:1:4819)
    at nV (/var/www/gda-website/.next/server/app/blog/[slug]/page.js:1:139628)
2025-09-08 21:10:25 +03:00:  ⚠ fetch for https://app.gdacademy.et/api/v2/blogs/all on /blog/terms-of-service specified "cache: no-store" and "revalidate: 60", only one should be specified.
2025-09-08 21:10:25 +03:00: ❌ API Error Response: {
  status: 401,
  statusText: 'Unauthorized',
  url: 'https://app.gdacademy.et/api/v2/blogs/terms-of-service',
  error: '{"status":"Authorization Token not found"}'
}
2025-09-08 21:10:25 +03:00: 🚨 API Request Failed: Error: API request failed with status 401: {"status":"Authorization Token not found"}
    at p (/var/www/gda-website/.next/server/app/blog/[slug]/page.js:1:2704)
    at d (/var/www/gda-website/.next/server/app/blog/[slug]/page.js:1:4819)
    at Module.nU (/var/www/gda-website/.next/server/app/blog/[slug]/page.js:1:139241)
2025-09-08 21:10:25 +03:00: Direct fetch failed for terms-of-service, falling back to list search... Error: API request failed with status 401: {"status":"Authorization Token not found"}
    at p (/var/www/gda-website/.next/server/app/blog/[slug]/page.js:1:2704)
    at d (/var/www/gda-website/.next/server/app/blog/[slug]/page.js:1:4819)
    at Module.nU (/var/www/gda-website/.next/server/app/blog/[slug]/page.js:1:139241)
2025-09-08 21:10:25 +03:00:  ⚠ fetch for https://app.gdacademy.et/api/v2/blogs/all on /blog/terms-of-service specified "cache: no-store" and "revalidate: 60", only one should be specified.
2025-09-08 21:10:25 +03:00:  ⚠ fetch for https://app.gdacademy.et/api/v2/blogs/all on /blog/terms-of-service specified "cache: no-store" and "revalidate: 60", only one should be specified.
