2025-09-08 20:30:51 +03:00:   ▲ Next.js 14.2.23
2025-09-08 20:30:51 +03:00:   - Local:        http://localhost:4000
2025-09-08 20:30:51 +03:00: 
2025-09-08 20:30:51 +03:00:  ✓ Starting...
2025-09-08 20:30:52 +03:00:  ✓ Ready in 468ms
2025-09-08 20:31:47 +03:00: Current path: /laning
2025-09-08 20:31:47 +03:00: Hide navigation: false
2025-09-08 20:32:45 +03:00:   ▲ Next.js 14.2.23
2025-09-08 20:32:45 +03:00:   - Local:        http://localhost:4000
2025-09-08 20:32:45 +03:00: 
2025-09-08 20:32:45 +03:00:  ✓ Starting...
2025-09-08 20:32:45 +03:00:  ✓ Ready in 336ms
2025-09-08 20:42:29 +03:00:   ▲ Next.js 14.2.23
2025-09-08 20:42:29 +03:00:   - Local:        http://localhost:4000
2025-09-08 20:42:29 +03:00: 
2025-09-08 20:42:29 +03:00:  ✓ Starting...
2025-09-08 20:42:30 +03:00:  ✓ Ready in 352ms
2025-09-08 20:44:10 +03:00:   ▲ Next.js 14.2.23
2025-09-08 20:44:10 +03:00:   - Local:        http://localhost:4000
2025-09-08 20:44:10 +03:00: 
2025-09-08 20:44:10 +03:00:  ✓ Starting...
2025-09-08 20:44:10 +03:00:  ✓ Ready in 348ms
2025-09-08 20:48:10 +03:00: Current path: /_next/static/chunks/webpack-*.js
2025-09-08 20:48:10 +03:00: Hide navigation: false
2025-09-08 20:50:41 +03:00:   ▲ Next.js 14.2.23
2025-09-08 20:50:41 +03:00:   - Local:        http://localhost:4000
2025-09-08 20:50:41 +03:00: 
2025-09-08 20:50:41 +03:00:  ✓ Starting...
2025-09-08 20:50:41 +03:00:  ✓ Ready in 306ms
2025-09-08 21:02:46 +03:00:   ▲ Next.js 14.2.23
2025-09-08 21:02:46 +03:00:   - Local:        http://localhost:4000
2025-09-08 21:02:46 +03:00: 
2025-09-08 21:02:46 +03:00:  ✓ Starting...
2025-09-08 21:02:46 +03:00:  ✓ Ready in 333ms
2025-09-08 21:05:33 +03:00:   ▲ Next.js 14.2.23
2025-09-08 21:05:33 +03:00:   - Local:        http://localhost:4000
2025-09-08 21:05:33 +03:00: 
2025-09-08 21:05:33 +03:00:  ✓ Starting...
2025-09-08 21:05:33 +03:00:  ✓ Ready in 282ms
