2025-09-08 20:30:52 +03:00:   ▲ Next.js 14.2.23
2025-09-08 20:30:52 +03:00:   - Local:        http://localhost:4000
2025-09-08 20:30:52 +03:00: 
2025-09-08 20:30:52 +03:00:  ✓ Starting...
2025-09-08 20:30:52 +03:00:  ✓ Ready in 366ms
2025-09-08 20:32:46 +03:00:   ▲ Next.js 14.2.23
2025-09-08 20:32:46 +03:00:   - Local:        http://localhost:4000
2025-09-08 20:32:46 +03:00: 
2025-09-08 20:32:46 +03:00:  ✓ Starting...
2025-09-08 20:32:46 +03:00:  ✓ Ready in 340ms
2025-09-08 20:42:30 +03:00:   ▲ Next.js 14.2.23
2025-09-08 20:42:30 +03:00:   - Local:        http://localhost:4000
2025-09-08 20:42:30 +03:00: 
2025-09-08 20:42:30 +03:00:  ✓ Starting...
2025-09-08 20:42:30 +03:00:  ✓ Ready in 288ms
2025-09-08 20:44:11 +03:00:   ▲ Next.js 14.2.23
2025-09-08 20:44:11 +03:00:   - Local:        http://localhost:4000
2025-09-08 20:44:11 +03:00: 
2025-09-08 20:44:11 +03:00:  ✓ Starting...
2025-09-08 20:44:11 +03:00:  ✓ Ready in 315ms
2025-09-08 20:46:00 +03:00: Current path: /landing
2025-09-08 20:46:00 +03:00: Hide navigation: false
2025-09-08 20:50:41 +03:00:   ▲ Next.js 14.2.23
2025-09-08 20:50:41 +03:00:   - Local:        http://localhost:4000
2025-09-08 20:50:41 +03:00: 
2025-09-08 20:50:41 +03:00:  ✓ Starting...
2025-09-08 20:50:41 +03:00:  ✓ Ready in 290ms
2025-09-08 21:02:46 +03:00:   ▲ Next.js 14.2.23
2025-09-08 21:02:46 +03:00:   - Local:        http://localhost:4000
2025-09-08 21:02:46 +03:00: 
2025-09-08 21:02:46 +03:00:  ✓ Starting...
2025-09-08 21:02:46 +03:00:  ✓ Ready in 309ms
2025-09-08 21:05:33 +03:00:   ▲ Next.js 14.2.23
2025-09-08 21:05:33 +03:00:   - Local:        http://localhost:4000
2025-09-08 21:05:33 +03:00: 
2025-09-08 21:05:33 +03:00:  ✓ Starting...
2025-09-08 21:05:33 +03:00:  ✓ Ready in 262ms
