2025-09-08 20:30:51 +03:00:   ▲ Next.js 14.2.23
2025-09-08 20:30:51 +03:00:   - Local:        http://localhost:4000
2025-09-08 20:30:51 +03:00: 
2025-09-08 20:30:51 +03:00:  ✓ Starting...
2025-09-08 20:30:52 +03:00:  ✓ Ready in 438ms
2025-09-08 20:32:45 +03:00:   ▲ Next.js 14.2.23
2025-09-08 20:32:45 +03:00:   - Local:        http://localhost:4000
2025-09-08 20:32:45 +03:00: 
2025-09-08 20:32:45 +03:00:  ✓ Starting...
2025-09-08 20:32:45 +03:00:  ✓ Ready in 348ms
2025-09-08 20:42:29 +03:00:   ▲ Next.js 14.2.23
2025-09-08 20:42:29 +03:00:   - Local:        http://localhost:4000
2025-09-08 20:42:29 +03:00: 
2025-09-08 20:42:29 +03:00:  ✓ Starting...
2025-09-08 20:42:29 +03:00:  ✓ Ready in 270ms
2025-09-08 20:44:09 +03:00:   ▲ Next.js 14.2.23
2025-09-08 20:44:09 +03:00:   - Local:        http://localhost:4000
2025-09-08 20:44:09 +03:00: 
2025-09-08 20:44:09 +03:00:  ✓ Starting...
2025-09-08 20:44:09 +03:00:  ✓ Ready in 280ms
2025-09-08 20:46:03 +03:00: Current path: /nding
2025-09-08 20:46:03 +03:00: Hide navigation: false
2025-09-08 20:50:40 +03:00:   ▲ Next.js 14.2.23
2025-09-08 20:50:40 +03:00:   - Local:        http://localhost:4000
2025-09-08 20:50:40 +03:00: 
2025-09-08 20:50:40 +03:00:  ✓ Starting...
2025-09-08 20:50:41 +03:00:  ✓ Ready in 331ms
2025-09-08 21:02:46 +03:00:   ▲ Next.js 14.2.23
2025-09-08 21:02:46 +03:00:   - Local:        http://localhost:4000
2025-09-08 21:02:46 +03:00: 
2025-09-08 21:02:46 +03:00:  ✓ Starting...
2025-09-08 21:02:46 +03:00:  ✓ Ready in 278ms
2025-09-08 21:05:33 +03:00:   ▲ Next.js 14.2.23
2025-09-08 21:05:33 +03:00:   - Local:        http://localhost:4000
2025-09-08 21:05:33 +03:00: 
2025-09-08 21:05:33 +03:00:  ✓ Starting...
2025-09-08 21:05:33 +03:00:  ✓ Ready in 264ms
