2025-09-08 20:30:51 +03:00:   ▲ Next.js 14.2.23
2025-09-08 20:30:51 +03:00:   - Local:        http://localhost:4000
2025-09-08 20:30:51 +03:00: 
2025-09-08 20:30:51 +03:00:  ✓ Starting...
2025-09-08 20:30:52 +03:00:  ✓ Ready in 434ms
2025-09-08 20:32:45 +03:00:   ▲ Next.js 14.2.23
2025-09-08 20:32:45 +03:00:   - Local:        http://localhost:4000
2025-09-08 20:32:45 +03:00: 
2025-09-08 20:32:45 +03:00:  ✓ Starting...
2025-09-08 20:32:46 +03:00:  ✓ Ready in 338ms
2025-09-08 20:42:30 +03:00:   ▲ Next.js 14.2.23
2025-09-08 20:42:30 +03:00:   - Local:        http://localhost:4000
2025-09-08 20:42:30 +03:00: 
2025-09-08 20:42:30 +03:00:  ✓ Starting...
2025-09-08 20:42:30 +03:00:  ✓ Ready in 338ms
2025-09-08 20:44:10 +03:00:   ▲ Next.js 14.2.23
2025-09-08 20:44:10 +03:00:   - Local:        http://localhost:4000
2025-09-08 20:44:10 +03:00: 
2025-09-08 20:44:10 +03:00:  ✓ Starting...
2025-09-08 20:44:10 +03:00:  ✓ Ready in 320ms
2025-09-08 20:50:41 +03:00:   ▲ Next.js 14.2.23
2025-09-08 20:50:41 +03:00:   - Local:        http://localhost:4000
2025-09-08 20:50:41 +03:00: 
2025-09-08 20:50:41 +03:00:  ✓ Starting...
2025-09-08 20:50:41 +03:00:  ✓ Ready in 287ms
2025-09-08 21:02:46 +03:00:   ▲ Next.js 14.2.23
2025-09-08 21:02:46 +03:00:   - Local:        http://localhost:4000
2025-09-08 21:02:46 +03:00: 
2025-09-08 21:02:46 +03:00:  ✓ Starting...
2025-09-08 21:02:46 +03:00:  ✓ Ready in 299ms
2025-09-08 21:05:33 +03:00:   ▲ Next.js 14.2.23
2025-09-08 21:05:33 +03:00:   - Local:        http://localhost:4000
2025-09-08 21:05:33 +03:00: 
2025-09-08 21:05:33 +03:00:  ✓ Starting...
2025-09-08 21:05:33 +03:00:  ✓ Ready in 349ms
